theta_0,theta_1,theta_2 
340413,110631,-6649.47
theta_0,theta_1,theta_2 
340413,110631,-6649.47
theta_0,theta_1,theta_2 
340413,110631,-6649.47
theta_0,theta_1,theta_2 
340413,110631,-6649.47
theta_0,theta_1,theta_2 
-8.23237e-19,110631,-6649.47
theta_0,theta_1,theta_2 
-8.23237e-19,110631,-6649.47
theta_0,theta_1,theta_2 
-8.23237e-19,110631,-6649.47
theta_0,theta_1,theta_2 
340413,110631,-6649.47
theta_0,theta_1,theta_2 
340413,110631,-6649.47
theta_0,theta_1,theta_2 
340413,110631,-6649.47
x0,x1 x2,
340413,110631,-6649.47
x0,x1,x2 
340413,110631,-6649.47
x0,x1,x2 
340413,110631,-6649.47
x0,x1,x2 
340413,110631,-6649.47
theta0,theta1,theta2 
340413,110631,-6649.47
